2016-02-19 09:19:17,196 INFO [com.mchange.v2.log.MLog.<clinit>(MLog.java:92)] - MLog clients using log4j logging.
2016-02-19 09:19:17,494 INFO [com.mchange.v2.c3p0.C3P0Registry.banner(C3P0Registry.java:216)] - Initializing c3p0-0.9.2.1 [built 20-March-2013 11:16:28 +0000; debug? true; trace: 10]
2016-02-19 09:19:17,851 INFO [org.hibernate.annotations.common.Version.<clinit>(Version.java:37)] - HCANN000001: Hibernate Commons Annotations {4.0.1.Final}
2016-02-19 09:19:17,855 INFO [org.hibernate.Version.logVersion(Version.java:41)] - HHH000412: Hibernate Core {4.1.7.Final}
2016-02-19 09:19:17,857 INFO [org.hibernate.cfg.Environment.<clinit>(Environment.java:239)] - HHH000206: hibernate.properties not found
2016-02-19 09:19:17,858 INFO [org.hibernate.cfg.Environment.buildBytecodeProvider(Environment.java:342)] - HHH000021: Bytecode provider name : javassist
2016-02-19 09:19:18,012 INFO [com.mchange.v2.c3p0.impl.AbstractPoolBackedDataSource.getPoolManager(AbstractPoolBackedDataSource.java:522)] - Initializing c3p0 pool... com.mchange.v2.c3p0.ComboPooledDataSource [ acquireIncrement -> 3, acquireRetryAttempts -> 30, acquireRetryDelay -> 1000, autoCommitOnClose -> false, automaticTestTable -> null, breakAfterAcquireFailure -> false, checkoutTimeout -> 0, connectionCustomizerClassName -> null, connectionTesterClassName -> com.mchange.v2.c3p0.impl.DefaultConnectionTester, dataSourceName -> 1hge1589e1wkb4dwbanqoh|29a94ed4, debugUnreturnedConnectionStackTraces -> false, description -> null, driverClass -> com.mysql.jdbc.Driver, factoryClassLocation -> null, forceIgnoreUnresolvedTransactions -> false, identityToken -> 1hge1589e1wkb4dwbanqoh|29a94ed4, idleConnectionTestPeriod -> 0, initialPoolSize -> 3, jdbcUrl -> jdbc:mysql://127.0.0.1:3306/im?useUnicode=true&characterEncoding=UTF-8, maxAdministrativeTaskTime -> 0, maxConnectionAge -> 0, maxIdleTime -> 0, maxIdleTimeExcessConnections -> 0, maxPoolSize -> 15, maxStatements -> 0, maxStatementsPerConnection -> 0, minPoolSize -> 3, numHelperThreads -> 3, preferredTestQuery -> null, properties -> {user=******, password=******}, propertyCycle -> 0, statementCacheNumDeferredCloseThreads -> 0, testConnectionOnCheckin -> false, testConnectionOnCheckout -> false, unreturnedConnectionTimeout -> 0, userOverrides -> {}, usesTraditionalReflectiveProxies -> false ]
2016-02-19 09:19:18,184 INFO [org.hibernate.dialect.Dialect.<init>(Dialect.java:125)] - HHH000400: Using dialect: org.hibernate.dialect.MySQL5Dialect
2016-02-19 09:19:18,190 INFO [org.hibernate.engine.jdbc.internal.LobCreatorBuilder.useContextualLobCreation(LobCreatorBuilder.java:94)] - HHH000423: Disabling contextual LOB creation as JDBC driver reported JDBC version [3] less than 4
2016-02-19 09:19:18,197 INFO [org.hibernate.engine.transaction.internal.TransactionFactoryInitiator.initiateService(TransactionFactoryInitiator.java:68)] - HHH000399: Using default transaction strategy (direct JDBC transactions)
2016-02-19 09:19:18,201 INFO [org.hibernate.hql.internal.ast.ASTQueryTranslatorFactory.<init>(ASTQueryTranslatorFactory.java:48)] - HHH000397: Using ASTQueryTranslatorFactory
2016-02-19 09:19:18,338 INFO [org.hibernate.tool.hbm2ddl.SchemaUpdate.execute(SchemaUpdate.java:182)] - HHH000228: Running hbm2ddl schema update
2016-02-19 09:19:18,338 INFO [org.hibernate.tool.hbm2ddl.SchemaUpdate.execute(SchemaUpdate.java:193)] - HHH000102: Fetching database metadata
2016-02-19 09:19:18,341 INFO [org.hibernate.tool.hbm2ddl.SchemaUpdate.execute(SchemaUpdate.java:205)] - HHH000396: Updating schema
2016-02-19 09:19:18,368 INFO [org.hibernate.tool.hbm2ddl.TableMetadata.<init>(TableMetadata.java:65)] - HHH000261: Table found: im.user
2016-02-19 09:19:18,368 INFO [org.hibernate.tool.hbm2ddl.TableMetadata.<init>(TableMetadata.java:66)] - HHH000037: Columns: [id, username, password]
2016-02-19 09:19:18,369 INFO [org.hibernate.tool.hbm2ddl.TableMetadata.<init>(TableMetadata.java:68)] - HHH000108: Foreign keys: []
2016-02-19 09:19:18,369 INFO [org.hibernate.tool.hbm2ddl.TableMetadata.<init>(TableMetadata.java:69)] - HHH000126: Indexes: [primary]
2016-02-19 09:19:18,369 INFO [org.hibernate.tool.hbm2ddl.SchemaUpdate.execute(SchemaUpdate.java:240)] - HHH000232: Schema update complete
2016-02-19 09:19:18,688 INFO [com.fgk.im.ServerAppRun.main(ServerAppRun.java:17)] - ServerApp Start Success
2016-02-19 09:27:04,300 INFO [com.mchange.v2.log.MLog.<clinit>(MLog.java:92)] - MLog clients using log4j logging.
2016-02-19 09:27:04,425 INFO [com.mchange.v2.c3p0.C3P0Registry.banner(C3P0Registry.java:216)] - Initializing c3p0-0.9.2.1 [built 20-March-2013 11:16:28 +0000; debug? true; trace: 10]
2016-02-19 09:27:04,767 INFO [org.hibernate.annotations.common.Version.<clinit>(Version.java:37)] - HCANN000001: Hibernate Commons Annotations {4.0.1.Final}
2016-02-19 09:27:04,772 INFO [org.hibernate.Version.logVersion(Version.java:41)] - HHH000412: Hibernate Core {4.1.7.Final}
2016-02-19 09:27:04,773 INFO [org.hibernate.cfg.Environment.<clinit>(Environment.java:239)] - HHH000206: hibernate.properties not found
2016-02-19 09:27:04,774 INFO [org.hibernate.cfg.Environment.buildBytecodeProvider(Environment.java:342)] - HHH000021: Bytecode provider name : javassist
2016-02-19 09:27:04,912 INFO [com.mchange.v2.c3p0.impl.AbstractPoolBackedDataSource.getPoolManager(AbstractPoolBackedDataSource.java:522)] - Initializing c3p0 pool... com.mchange.v2.c3p0.ComboPooledDataSource [ acquireIncrement -> 3, acquireRetryAttempts -> 30, acquireRetryDelay -> 1000, autoCommitOnClose -> false, automaticTestTable -> null, breakAfterAcquireFailure -> false, checkoutTimeout -> 0, connectionCustomizerClassName -> null, connectionTesterClassName -> com.mchange.v2.c3p0.impl.DefaultConnectionTester, dataSourceName -> 1hge1589e1wkl4si56q9lo|4c2ed6a8, debugUnreturnedConnectionStackTraces -> false, description -> null, driverClass -> com.mysql.jdbc.Driver, factoryClassLocation -> null, forceIgnoreUnresolvedTransactions -> false, identityToken -> 1hge1589e1wkl4si56q9lo|4c2ed6a8, idleConnectionTestPeriod -> 0, initialPoolSize -> 3, jdbcUrl -> jdbc:mysql://127.0.0.1:3306/im?useUnicode=true&characterEncoding=UTF-8, maxAdministrativeTaskTime -> 0, maxConnectionAge -> 0, maxIdleTime -> 0, maxIdleTimeExcessConnections -> 0, maxPoolSize -> 15, maxStatements -> 0, maxStatementsPerConnection -> 0, minPoolSize -> 3, numHelperThreads -> 3, preferredTestQuery -> null, properties -> {user=******, password=******}, propertyCycle -> 0, statementCacheNumDeferredCloseThreads -> 0, testConnectionOnCheckin -> false, testConnectionOnCheckout -> false, unreturnedConnectionTimeout -> 0, userOverrides -> {}, usesTraditionalReflectiveProxies -> false ]
2016-02-19 09:27:05,027 INFO [org.hibernate.dialect.Dialect.<init>(Dialect.java:125)] - HHH000400: Using dialect: org.hibernate.dialect.MySQL5Dialect
2016-02-19 09:27:05,032 INFO [org.hibernate.engine.jdbc.internal.LobCreatorBuilder.useContextualLobCreation(LobCreatorBuilder.java:94)] - HHH000423: Disabling contextual LOB creation as JDBC driver reported JDBC version [3] less than 4
2016-02-19 09:27:05,039 INFO [org.hibernate.engine.transaction.internal.TransactionFactoryInitiator.initiateService(TransactionFactoryInitiator.java:68)] - HHH000399: Using default transaction strategy (direct JDBC transactions)
2016-02-19 09:27:05,043 INFO [org.hibernate.hql.internal.ast.ASTQueryTranslatorFactory.<init>(ASTQueryTranslatorFactory.java:48)] - HHH000397: Using ASTQueryTranslatorFactory
2016-02-19 09:27:05,152 INFO [org.hibernate.tool.hbm2ddl.SchemaUpdate.execute(SchemaUpdate.java:182)] - HHH000228: Running hbm2ddl schema update
2016-02-19 09:27:05,152 INFO [org.hibernate.tool.hbm2ddl.SchemaUpdate.execute(SchemaUpdate.java:193)] - HHH000102: Fetching database metadata
2016-02-19 09:27:05,155 INFO [org.hibernate.tool.hbm2ddl.SchemaUpdate.execute(SchemaUpdate.java:205)] - HHH000396: Updating schema
2016-02-19 09:27:05,165 INFO [org.hibernate.tool.hbm2ddl.TableMetadata.<init>(TableMetadata.java:65)] - HHH000261: Table found: im.user
2016-02-19 09:27:05,166 INFO [org.hibernate.tool.hbm2ddl.TableMetadata.<init>(TableMetadata.java:66)] - HHH000037: Columns: [id, username, password]
2016-02-19 09:27:05,166 INFO [org.hibernate.tool.hbm2ddl.TableMetadata.<init>(TableMetadata.java:68)] - HHH000108: Foreign keys: []
2016-02-19 09:27:05,166 INFO [org.hibernate.tool.hbm2ddl.TableMetadata.<init>(TableMetadata.java:69)] - HHH000126: Indexes: [primary]
2016-02-19 09:27:05,167 INFO [org.hibernate.tool.hbm2ddl.SchemaUpdate.execute(SchemaUpdate.java:240)] - HHH000232: Schema update complete
2016-02-19 09:27:05,459 INFO [com.fgk.im.ServerAppRun.main(ServerAppRun.java:17)] - ServerApp Start Success
2016-02-19 09:30:02,873 INFO [com.mchange.v2.log.MLog.<clinit>(MLog.java:92)] - MLog clients using log4j logging.
2016-02-19 09:30:03,013 INFO [com.mchange.v2.c3p0.C3P0Registry.banner(C3P0Registry.java:216)] - Initializing c3p0-0.9.2.1 [built 20-March-2013 11:16:28 +0000; debug? true; trace: 10]
2016-02-19 09:30:03,415 INFO [org.hibernate.annotations.common.Version.<clinit>(Version.java:37)] - HCANN000001: Hibernate Commons Annotations {4.0.1.Final}
2016-02-19 09:30:03,420 INFO [org.hibernate.Version.logVersion(Version.java:41)] - HHH000412: Hibernate Core {4.1.7.Final}
2016-02-19 09:30:03,422 INFO [org.hibernate.cfg.Environment.<clinit>(Environment.java:239)] - HHH000206: hibernate.properties not found
2016-02-19 09:30:03,423 INFO [org.hibernate.cfg.Environment.buildBytecodeProvider(Environment.java:342)] - HHH000021: Bytecode provider name : javassist
2016-02-19 09:30:03,581 INFO [com.mchange.v2.c3p0.impl.AbstractPoolBackedDataSource.getPoolManager(AbstractPoolBackedDataSource.java:522)] - Initializing c3p0 pool... com.mchange.v2.c3p0.ComboPooledDataSource [ acquireIncrement -> 3, acquireRetryAttempts -> 30, acquireRetryDelay -> 1000, autoCommitOnClose -> false, automaticTestTable -> null, breakAfterAcquireFailure -> false, checkoutTimeout -> 0, connectionCustomizerClassName -> null, connectionTesterClassName -> com.mchange.v2.c3p0.impl.DefaultConnectionTester, dataSourceName -> 1hge1589e1wkoykx1al1flj|4d50c50b, debugUnreturnedConnectionStackTraces -> false, description -> null, driverClass -> com.mysql.jdbc.Driver, factoryClassLocation -> null, forceIgnoreUnresolvedTransactions -> false, identityToken -> 1hge1589e1wkoykx1al1flj|4d50c50b, idleConnectionTestPeriod -> 0, initialPoolSize -> 3, jdbcUrl -> jdbc:mysql://127.0.0.1:3306/im?useUnicode=true&characterEncoding=UTF-8, maxAdministrativeTaskTime -> 0, maxConnectionAge -> 0, maxIdleTime -> 0, maxIdleTimeExcessConnections -> 0, maxPoolSize -> 15, maxStatements -> 0, maxStatementsPerConnection -> 0, minPoolSize -> 3, numHelperThreads -> 3, preferredTestQuery -> null, properties -> {user=******, password=******}, propertyCycle -> 0, statementCacheNumDeferredCloseThreads -> 0, testConnectionOnCheckin -> false, testConnectionOnCheckout -> false, unreturnedConnectionTimeout -> 0, userOverrides -> {}, usesTraditionalReflectiveProxies -> false ]
2016-02-19 09:30:03,698 INFO [org.hibernate.dialect.Dialect.<init>(Dialect.java:125)] - HHH000400: Using dialect: org.hibernate.dialect.MySQL5Dialect
2016-02-19 09:30:03,704 INFO [org.hibernate.engine.jdbc.internal.LobCreatorBuilder.useContextualLobCreation(LobCreatorBuilder.java:94)] - HHH000423: Disabling contextual LOB creation as JDBC driver reported JDBC version [3] less than 4
2016-02-19 09:30:03,712 INFO [org.hibernate.engine.transaction.internal.TransactionFactoryInitiator.initiateService(TransactionFactoryInitiator.java:68)] - HHH000399: Using default transaction strategy (direct JDBC transactions)
2016-02-19 09:30:03,715 INFO [org.hibernate.hql.internal.ast.ASTQueryTranslatorFactory.<init>(ASTQueryTranslatorFactory.java:48)] - HHH000397: Using ASTQueryTranslatorFactory
2016-02-19 09:30:03,834 INFO [org.hibernate.tool.hbm2ddl.SchemaUpdate.execute(SchemaUpdate.java:182)] - HHH000228: Running hbm2ddl schema update
2016-02-19 09:30:03,834 INFO [org.hibernate.tool.hbm2ddl.SchemaUpdate.execute(SchemaUpdate.java:193)] - HHH000102: Fetching database metadata
2016-02-19 09:30:03,837 INFO [org.hibernate.tool.hbm2ddl.SchemaUpdate.execute(SchemaUpdate.java:205)] - HHH000396: Updating schema
2016-02-19 09:30:03,847 INFO [org.hibernate.tool.hbm2ddl.TableMetadata.<init>(TableMetadata.java:65)] - HHH000261: Table found: im.user
2016-02-19 09:30:03,847 INFO [org.hibernate.tool.hbm2ddl.TableMetadata.<init>(TableMetadata.java:66)] - HHH000037: Columns: [id, username, password]
2016-02-19 09:30:03,848 INFO [org.hibernate.tool.hbm2ddl.TableMetadata.<init>(TableMetadata.java:68)] - HHH000108: Foreign keys: []
2016-02-19 09:30:03,848 INFO [org.hibernate.tool.hbm2ddl.TableMetadata.<init>(TableMetadata.java:69)] - HHH000126: Indexes: [primary]
2016-02-19 09:30:03,849 INFO [org.hibernate.tool.hbm2ddl.SchemaUpdate.execute(SchemaUpdate.java:240)] - HHH000232: Schema update complete
2016-02-19 09:30:04,203 INFO [com.fgk.im.ServerAppRun.main(ServerAppRun.java:17)] - ServerApp Start Success
2016-02-19 09:47:31,373 INFO [com.mchange.v2.log.MLog.<clinit>(MLog.java:92)] - MLog clients using log4j logging.
2016-02-19 09:47:31,503 INFO [com.mchange.v2.c3p0.C3P0Registry.banner(C3P0Registry.java:216)] - Initializing c3p0-0.9.2.1 [built 20-March-2013 11:16:28 +0000; debug? true; trace: 10]
2016-02-19 09:47:31,834 INFO [org.hibernate.annotations.common.Version.<clinit>(Version.java:37)] - HCANN000001: Hibernate Commons Annotations {4.0.1.Final}
2016-02-19 09:47:31,838 INFO [org.hibernate.Version.logVersion(Version.java:41)] - HHH000412: Hibernate Core {4.1.7.Final}
2016-02-19 09:47:31,839 INFO [org.hibernate.cfg.Environment.<clinit>(Environment.java:239)] - HHH000206: hibernate.properties not found
2016-02-19 09:47:31,840 INFO [org.hibernate.cfg.Environment.buildBytecodeProvider(Environment.java:342)] - HHH000021: Bytecode provider name : javassist
2016-02-19 09:47:31,975 INFO [com.mchange.v2.c3p0.impl.AbstractPoolBackedDataSource.getPoolManager(AbstractPoolBackedDataSource.java:522)] - Initializing c3p0 pool... com.mchange.v2.c3p0.ComboPooledDataSource [ acquireIncrement -> 3, acquireRetryAttempts -> 30, acquireRetryDelay -> 1000, autoCommitOnClose -> false, automaticTestTable -> null, breakAfterAcquireFailure -> false, checkoutTimeout -> 0, connectionCustomizerClassName -> null, connectionTesterClassName -> com.mchange.v2.c3p0.impl.DefaultConnectionTester, dataSourceName -> 1hge1589e1wlbflv5wijde|c136681, debugUnreturnedConnectionStackTraces -> false, description -> null, driverClass -> com.mysql.jdbc.Driver, factoryClassLocation -> null, forceIgnoreUnresolvedTransactions -> false, identityToken -> 1hge1589e1wlbflv5wijde|c136681, idleConnectionTestPeriod -> 0, initialPoolSize -> 3, jdbcUrl -> jdbc:mysql://127.0.0.1:3306/im?useUnicode=true&characterEncoding=UTF-8, maxAdministrativeTaskTime -> 0, maxConnectionAge -> 0, maxIdleTime -> 0, maxIdleTimeExcessConnections -> 0, maxPoolSize -> 15, maxStatements -> 0, maxStatementsPerConnection -> 0, minPoolSize -> 3, numHelperThreads -> 3, preferredTestQuery -> null, properties -> {user=******, password=******}, propertyCycle -> 0, statementCacheNumDeferredCloseThreads -> 0, testConnectionOnCheckin -> false, testConnectionOnCheckout -> false, unreturnedConnectionTimeout -> 0, userOverrides -> {}, usesTraditionalReflectiveProxies -> false ]
2016-02-19 09:47:32,110 INFO [org.hibernate.dialect.Dialect.<init>(Dialect.java:125)] - HHH000400: Using dialect: org.hibernate.dialect.MySQL5Dialect
2016-02-19 09:47:32,115 INFO [org.hibernate.engine.jdbc.internal.LobCreatorBuilder.useContextualLobCreation(LobCreatorBuilder.java:94)] - HHH000423: Disabling contextual LOB creation as JDBC driver reported JDBC version [3] less than 4
2016-02-19 09:47:32,122 INFO [org.hibernate.engine.transaction.internal.TransactionFactoryInitiator.initiateService(TransactionFactoryInitiator.java:68)] - HHH000399: Using default transaction strategy (direct JDBC transactions)
2016-02-19 09:47:32,126 INFO [org.hibernate.hql.internal.ast.ASTQueryTranslatorFactory.<init>(ASTQueryTranslatorFactory.java:48)] - HHH000397: Using ASTQueryTranslatorFactory
2016-02-19 09:47:32,236 INFO [org.hibernate.tool.hbm2ddl.SchemaUpdate.execute(SchemaUpdate.java:182)] - HHH000228: Running hbm2ddl schema update
2016-02-19 09:47:32,236 INFO [org.hibernate.tool.hbm2ddl.SchemaUpdate.execute(SchemaUpdate.java:193)] - HHH000102: Fetching database metadata
2016-02-19 09:47:32,239 INFO [org.hibernate.tool.hbm2ddl.SchemaUpdate.execute(SchemaUpdate.java:205)] - HHH000396: Updating schema
2016-02-19 09:47:32,274 INFO [org.hibernate.tool.hbm2ddl.TableMetadata.<init>(TableMetadata.java:65)] - HHH000261: Table found: im.user
2016-02-19 09:47:32,275 INFO [org.hibernate.tool.hbm2ddl.TableMetadata.<init>(TableMetadata.java:66)] - HHH000037: Columns: [id, username, password]
2016-02-19 09:47:32,275 INFO [org.hibernate.tool.hbm2ddl.TableMetadata.<init>(TableMetadata.java:68)] - HHH000108: Foreign keys: []
2016-02-19 09:47:32,275 INFO [org.hibernate.tool.hbm2ddl.TableMetadata.<init>(TableMetadata.java:69)] - HHH000126: Indexes: [primary]
2016-02-19 09:47:32,276 INFO [org.hibernate.tool.hbm2ddl.SchemaUpdate.execute(SchemaUpdate.java:240)] - HHH000232: Schema update complete
2016-02-19 09:47:32,561 INFO [com.fgk.im.ServerAppRun.main(ServerAppRun.java:17)] - ServerApp Start Success
2016-02-19 09:50:44,888 INFO [com.mchange.v2.log.MLog.<clinit>(MLog.java:92)] - MLog clients using log4j logging.
2016-02-19 09:50:45,018 INFO [com.mchange.v2.c3p0.C3P0Registry.banner(C3P0Registry.java:216)] - Initializing c3p0-0.9.2.1 [built 20-March-2013 11:16:28 +0000; debug? true; trace: 10]
2016-02-19 09:50:45,366 INFO [org.hibernate.annotations.common.Version.<clinit>(Version.java:37)] - HCANN000001: Hibernate Commons Annotations {4.0.1.Final}
2016-02-19 09:50:45,371 INFO [org.hibernate.Version.logVersion(Version.java:41)] - HHH000412: Hibernate Core {4.1.7.Final}
2016-02-19 09:50:45,372 INFO [org.hibernate.cfg.Environment.<clinit>(Environment.java:239)] - HHH000206: hibernate.properties not found
2016-02-19 09:50:45,373 INFO [org.hibernate.cfg.Environment.buildBytecodeProvider(Environment.java:342)] - HHH000021: Bytecode provider name : javassist
2016-02-19 09:50:45,512 INFO [com.mchange.v2.c3p0.impl.AbstractPoolBackedDataSource.getPoolManager(AbstractPoolBackedDataSource.java:522)] - Initializing c3p0 pool... com.mchange.v2.c3p0.ComboPooledDataSource [ acquireIncrement -> 3, acquireRetryAttempts -> 30, acquireRetryDelay -> 1000, autoCommitOnClose -> false, automaticTestTable -> null, breakAfterAcquireFailure -> false, checkoutTimeout -> 0, connectionCustomizerClassName -> null, connectionTesterClassName -> com.mchange.v2.c3p0.impl.DefaultConnectionTester, dataSourceName -> 1hge1589e1wlfkxb7wyc9l|4c2ed6a8, debugUnreturnedConnectionStackTraces -> false, description -> null, driverClass -> com.mysql.jdbc.Driver, factoryClassLocation -> null, forceIgnoreUnresolvedTransactions -> false, identityToken -> 1hge1589e1wlfkxb7wyc9l|4c2ed6a8, idleConnectionTestPeriod -> 0, initialPoolSize -> 3, jdbcUrl -> jdbc:mysql://127.0.0.1:3306/im?useUnicode=true&characterEncoding=UTF-8, maxAdministrativeTaskTime -> 0, maxConnectionAge -> 0, maxIdleTime -> 0, maxIdleTimeExcessConnections -> 0, maxPoolSize -> 15, maxStatements -> 0, maxStatementsPerConnection -> 0, minPoolSize -> 3, numHelperThreads -> 3, preferredTestQuery -> null, properties -> {user=******, password=******}, propertyCycle -> 0, statementCacheNumDeferredCloseThreads -> 0, testConnectionOnCheckin -> false, testConnectionOnCheckout -> false, unreturnedConnectionTimeout -> 0, userOverrides -> {}, usesTraditionalReflectiveProxies -> false ]
2016-02-19 09:50:45,622 INFO [org.hibernate.dialect.Dialect.<init>(Dialect.java:125)] - HHH000400: Using dialect: org.hibernate.dialect.MySQL5Dialect
2016-02-19 09:50:45,628 INFO [org.hibernate.engine.jdbc.internal.LobCreatorBuilder.useContextualLobCreation(LobCreatorBuilder.java:94)] - HHH000423: Disabling contextual LOB creation as JDBC driver reported JDBC version [3] less than 4
2016-02-19 09:50:45,635 INFO [org.hibernate.engine.transaction.internal.TransactionFactoryInitiator.initiateService(TransactionFactoryInitiator.java:68)] - HHH000399: Using default transaction strategy (direct JDBC transactions)
2016-02-19 09:50:45,638 INFO [org.hibernate.hql.internal.ast.ASTQueryTranslatorFactory.<init>(ASTQueryTranslatorFactory.java:48)] - HHH000397: Using ASTQueryTranslatorFactory
2016-02-19 09:50:45,748 INFO [org.hibernate.tool.hbm2ddl.SchemaUpdate.execute(SchemaUpdate.java:182)] - HHH000228: Running hbm2ddl schema update
2016-02-19 09:50:45,749 INFO [org.hibernate.tool.hbm2ddl.SchemaUpdate.execute(SchemaUpdate.java:193)] - HHH000102: Fetching database metadata
2016-02-19 09:50:45,751 INFO [org.hibernate.tool.hbm2ddl.SchemaUpdate.execute(SchemaUpdate.java:205)] - HHH000396: Updating schema
2016-02-19 09:50:45,761 INFO [org.hibernate.tool.hbm2ddl.TableMetadata.<init>(TableMetadata.java:65)] - HHH000261: Table found: im.user
2016-02-19 09:50:45,761 INFO [org.hibernate.tool.hbm2ddl.TableMetadata.<init>(TableMetadata.java:66)] - HHH000037: Columns: [id, username, password]
2016-02-19 09:50:45,762 INFO [org.hibernate.tool.hbm2ddl.TableMetadata.<init>(TableMetadata.java:68)] - HHH000108: Foreign keys: []
2016-02-19 09:50:45,762 INFO [org.hibernate.tool.hbm2ddl.TableMetadata.<init>(TableMetadata.java:69)] - HHH000126: Indexes: [primary]
2016-02-19 09:50:45,763 INFO [org.hibernate.tool.hbm2ddl.SchemaUpdate.execute(SchemaUpdate.java:240)] - HHH000232: Schema update complete
2016-02-19 09:50:46,061 INFO [com.fgk.im.ServerAppRun.main(ServerAppRun.java:17)] - ServerApp Start Success
2016-02-19 09:53:50,316 INFO [com.mchange.v2.log.MLog.<clinit>(MLog.java:92)] - MLog clients using log4j logging.
2016-02-19 09:53:50,442 INFO [com.mchange.v2.c3p0.C3P0Registry.banner(C3P0Registry.java:216)] - Initializing c3p0-0.9.2.1 [built 20-March-2013 11:16:28 +0000; debug? true; trace: 10]
2016-02-19 09:53:50,791 INFO [org.hibernate.annotations.common.Version.<clinit>(Version.java:37)] - HCANN000001: Hibernate Commons Annotations {4.0.1.Final}
2016-02-19 09:53:50,795 INFO [org.hibernate.Version.logVersion(Version.java:41)] - HHH000412: Hibernate Core {4.1.7.Final}
2016-02-19 09:53:50,797 INFO [org.hibernate.cfg.Environment.<clinit>(Environment.java:239)] - HHH000206: hibernate.properties not found
2016-02-19 09:53:50,798 INFO [org.hibernate.cfg.Environment.buildBytecodeProvider(Environment.java:342)] - HHH000021: Bytecode provider name : javassist
2016-02-19 09:53:50,936 INFO [com.mchange.v2.c3p0.impl.AbstractPoolBackedDataSource.getPoolManager(AbstractPoolBackedDataSource.java:522)] - Initializing c3p0 pool... com.mchange.v2.c3p0.ComboPooledDataSource [ acquireIncrement -> 3, acquireRetryAttempts -> 30, acquireRetryDelay -> 1000, autoCommitOnClose -> false, automaticTestTable -> null, breakAfterAcquireFailure -> false, checkoutTimeout -> 0, connectionCustomizerClassName -> null, connectionTesterClassName -> com.mchange.v2.c3p0.impl.DefaultConnectionTester, dataSourceName -> 1hge1589e1wljk021p9jwwu|244b4efd, debugUnreturnedConnectionStackTraces -> false, description -> null, driverClass -> com.mysql.jdbc.Driver, factoryClassLocation -> null, forceIgnoreUnresolvedTransactions -> false, identityToken -> 1hge1589e1wljk021p9jwwu|244b4efd, idleConnectionTestPeriod -> 0, initialPoolSize -> 3, jdbcUrl -> jdbc:mysql://127.0.0.1:3306/im?useUnicode=true&characterEncoding=UTF-8, maxAdministrativeTaskTime -> 0, maxConnectionAge -> 0, maxIdleTime -> 0, maxIdleTimeExcessConnections -> 0, maxPoolSize -> 15, maxStatements -> 0, maxStatementsPerConnection -> 0, minPoolSize -> 3, numHelperThreads -> 3, preferredTestQuery -> null, properties -> {user=******, password=******}, propertyCycle -> 0, statementCacheNumDeferredCloseThreads -> 0, testConnectionOnCheckin -> false, testConnectionOnCheckout -> false, unreturnedConnectionTimeout -> 0, userOverrides -> {}, usesTraditionalReflectiveProxies -> false ]
2016-02-19 09:53:51,058 INFO [org.hibernate.dialect.Dialect.<init>(Dialect.java:125)] - HHH000400: Using dialect: org.hibernate.dialect.MySQL5Dialect
2016-02-19 09:53:51,065 INFO [org.hibernate.engine.jdbc.internal.LobCreatorBuilder.useContextualLobCreation(LobCreatorBuilder.java:94)] - HHH000423: Disabling contextual LOB creation as JDBC driver reported JDBC version [3] less than 4
2016-02-19 09:53:51,072 INFO [org.hibernate.engine.transaction.internal.TransactionFactoryInitiator.initiateService(TransactionFactoryInitiator.java:68)] - HHH000399: Using default transaction strategy (direct JDBC transactions)
2016-02-19 09:53:51,075 INFO [org.hibernate.hql.internal.ast.ASTQueryTranslatorFactory.<init>(ASTQueryTranslatorFactory.java:48)] - HHH000397: Using ASTQueryTranslatorFactory
2016-02-19 09:53:51,186 INFO [org.hibernate.tool.hbm2ddl.SchemaUpdate.execute(SchemaUpdate.java:182)] - HHH000228: Running hbm2ddl schema update
2016-02-19 09:53:51,186 INFO [org.hibernate.tool.hbm2ddl.SchemaUpdate.execute(SchemaUpdate.java:193)] - HHH000102: Fetching database metadata
2016-02-19 09:53:51,189 INFO [org.hibernate.tool.hbm2ddl.SchemaUpdate.execute(SchemaUpdate.java:205)] - HHH000396: Updating schema
2016-02-19 09:53:51,199 INFO [org.hibernate.tool.hbm2ddl.TableMetadata.<init>(TableMetadata.java:65)] - HHH000261: Table found: im.user
2016-02-19 09:53:51,200 INFO [org.hibernate.tool.hbm2ddl.TableMetadata.<init>(TableMetadata.java:66)] - HHH000037: Columns: [id, username, password]
2016-02-19 09:53:51,200 INFO [org.hibernate.tool.hbm2ddl.TableMetadata.<init>(TableMetadata.java:68)] - HHH000108: Foreign keys: []
2016-02-19 09:53:51,200 INFO [org.hibernate.tool.hbm2ddl.TableMetadata.<init>(TableMetadata.java:69)] - HHH000126: Indexes: [primary]
2016-02-19 09:53:51,201 INFO [org.hibernate.tool.hbm2ddl.SchemaUpdate.execute(SchemaUpdate.java:240)] - HHH000232: Schema update complete
2016-02-19 09:53:51,489 INFO [com.fgk.im.ServerAppRun.main(ServerAppRun.java:17)] - ServerApp Start Success
2016-02-19 09:54:03,958 WARN [org.hibernate.hql.internal.ast.HqlSqlWalker.generatePositionalParameter(HqlSqlWalker.java:929)] - [DEPRECATION] Encountered positional parameter near line 1, column 46.  Positional parameter are considered deprecated; use named parameters or JPA-style positional parameters instead.
2016-02-19 09:54:04,079 WARN [org.hibernate.hql.internal.ast.HqlSqlWalker.generatePositionalParameter(HqlSqlWalker.java:929)] - [DEPRECATION] Encountered positional parameter near line 1, column 50.  Positional parameter are considered deprecated; use named parameters or JPA-style positional parameters instead.
2016-02-19 09:54:04,080 WARN [org.hibernate.hql.internal.ast.HqlSqlWalker.generatePositionalParameter(HqlSqlWalker.java:929)] - [DEPRECATION] Encountered positional parameter near line 1, column 69.  Positional parameter are considered deprecated; use named parameters or JPA-style positional parameters instead.
2016-02-19 10:04:06,045 INFO [com.mchange.v2.log.MLog.<clinit>(MLog.java:92)] - MLog clients using log4j logging.
2016-02-19 10:04:06,180 INFO [com.mchange.v2.c3p0.C3P0Registry.banner(C3P0Registry.java:216)] - Initializing c3p0-0.9.2.1 [built 20-March-2013 11:16:28 +0000; debug? true; trace: 10]
2016-02-19 10:04:06,531 INFO [org.hibernate.annotations.common.Version.<clinit>(Version.java:37)] - HCANN000001: Hibernate Commons Annotations {4.0.1.Final}
2016-02-19 10:04:06,535 INFO [org.hibernate.Version.logVersion(Version.java:41)] - HHH000412: Hibernate Core {4.1.7.Final}
2016-02-19 10:04:06,536 INFO [org.hibernate.cfg.Environment.<clinit>(Environment.java:239)] - HHH000206: hibernate.properties not found
2016-02-19 10:04:06,538 INFO [org.hibernate.cfg.Environment.buildBytecodeProvider(Environment.java:342)] - HHH000021: Bytecode provider name : javassist
2016-02-19 10:04:06,676 INFO [com.mchange.v2.c3p0.impl.AbstractPoolBackedDataSource.getPoolManager(AbstractPoolBackedDataSource.java:522)] - Initializing c3p0 pool... com.mchange.v2.c3p0.ComboPooledDataSource [ acquireIncrement -> 3, acquireRetryAttempts -> 30, acquireRetryDelay -> 1000, autoCommitOnClose -> false, automaticTestTable -> null, breakAfterAcquireFailure -> false, checkoutTimeout -> 0, connectionCustomizerClassName -> null, connectionTesterClassName -> com.mchange.v2.c3p0.impl.DefaultConnectionTester, dataSourceName -> 1hge1589e1wlwr3ntnllzt|3795473d, debugUnreturnedConnectionStackTraces -> false, description -> null, driverClass -> com.mysql.jdbc.Driver, factoryClassLocation -> null, forceIgnoreUnresolvedTransactions -> false, identityToken -> 1hge1589e1wlwr3ntnllzt|3795473d, idleConnectionTestPeriod -> 0, initialPoolSize -> 3, jdbcUrl -> jdbc:mysql://127.0.0.1:3306/im?useUnicode=true&characterEncoding=UTF-8, maxAdministrativeTaskTime -> 0, maxConnectionAge -> 0, maxIdleTime -> 0, maxIdleTimeExcessConnections -> 0, maxPoolSize -> 15, maxStatements -> 0, maxStatementsPerConnection -> 0, minPoolSize -> 3, numHelperThreads -> 3, preferredTestQuery -> null, properties -> {user=******, password=******}, propertyCycle -> 0, statementCacheNumDeferredCloseThreads -> 0, testConnectionOnCheckin -> false, testConnectionOnCheckout -> false, unreturnedConnectionTimeout -> 0, userOverrides -> {}, usesTraditionalReflectiveProxies -> false ]
2016-02-19 10:04:06,788 INFO [org.hibernate.dialect.Dialect.<init>(Dialect.java:125)] - HHH000400: Using dialect: org.hibernate.dialect.MySQL5Dialect
2016-02-19 10:04:06,793 INFO [org.hibernate.engine.jdbc.internal.LobCreatorBuilder.useContextualLobCreation(LobCreatorBuilder.java:94)] - HHH000423: Disabling contextual LOB creation as JDBC driver reported JDBC version [3] less than 4
2016-02-19 10:04:06,801 INFO [org.hibernate.engine.transaction.internal.TransactionFactoryInitiator.initiateService(TransactionFactoryInitiator.java:68)] - HHH000399: Using default transaction strategy (direct JDBC transactions)
2016-02-19 10:04:06,804 INFO [org.hibernate.hql.internal.ast.ASTQueryTranslatorFactory.<init>(ASTQueryTranslatorFactory.java:48)] - HHH000397: Using ASTQueryTranslatorFactory
2016-02-19 10:04:06,916 INFO [org.hibernate.tool.hbm2ddl.SchemaUpdate.execute(SchemaUpdate.java:182)] - HHH000228: Running hbm2ddl schema update
2016-02-19 10:04:06,917 INFO [org.hibernate.tool.hbm2ddl.SchemaUpdate.execute(SchemaUpdate.java:193)] - HHH000102: Fetching database metadata
2016-02-19 10:04:06,919 INFO [org.hibernate.tool.hbm2ddl.SchemaUpdate.execute(SchemaUpdate.java:205)] - HHH000396: Updating schema
2016-02-19 10:04:06,930 INFO [org.hibernate.tool.hbm2ddl.TableMetadata.<init>(TableMetadata.java:65)] - HHH000261: Table found: im.user
2016-02-19 10:04:06,930 INFO [org.hibernate.tool.hbm2ddl.TableMetadata.<init>(TableMetadata.java:66)] - HHH000037: Columns: [id, username, password]
2016-02-19 10:04:06,930 INFO [org.hibernate.tool.hbm2ddl.TableMetadata.<init>(TableMetadata.java:68)] - HHH000108: Foreign keys: []
2016-02-19 10:04:06,931 INFO [org.hibernate.tool.hbm2ddl.TableMetadata.<init>(TableMetadata.java:69)] - HHH000126: Indexes: [primary]
2016-02-19 10:04:06,931 INFO [org.hibernate.tool.hbm2ddl.SchemaUpdate.execute(SchemaUpdate.java:240)] - HHH000232: Schema update complete
2016-02-19 10:04:07,222 INFO [com.fgk.im.ServerAppRun.main(ServerAppRun.java:17)] - ServerApp Start Success
2016-02-19 10:04:24,122 WARN [org.hibernate.hql.internal.ast.HqlSqlWalker.generatePositionalParameter(HqlSqlWalker.java:929)] - [DEPRECATION] Encountered positional parameter near line 1, column 46.  Positional parameter are considered deprecated; use named parameters or JPA-style positional parameters instead.
2016-02-19 10:04:24,204 WARN [org.hibernate.hql.internal.ast.HqlSqlWalker.generatePositionalParameter(HqlSqlWalker.java:929)] - [DEPRECATION] Encountered positional parameter near line 1, column 50.  Positional parameter are considered deprecated; use named parameters or JPA-style positional parameters instead.
2016-02-19 10:04:24,204 WARN [org.hibernate.hql.internal.ast.HqlSqlWalker.generatePositionalParameter(HqlSqlWalker.java:929)] - [DEPRECATION] Encountered positional parameter near line 1, column 69.  Positional parameter are considered deprecated; use named parameters or JPA-style positional parameters instead.
2016-02-19 11:39:44,028 INFO [com.mchange.v2.log.MLog.<clinit>(MLog.java:92)] - MLog clients using log4j logging.
2016-02-19 11:39:44,158 INFO [com.mchange.v2.c3p0.C3P0Registry.banner(C3P0Registry.java:216)] - Initializing c3p0-0.9.2.1 [built 20-March-2013 11:16:28 +0000; debug? true; trace: 10]
2016-02-19 11:39:44,502 INFO [org.hibernate.annotations.common.Version.<clinit>(Version.java:37)] - HCANN000001: Hibernate Commons Annotations {4.0.1.Final}
2016-02-19 11:39:44,507 INFO [org.hibernate.Version.logVersion(Version.java:41)] - HHH000412: Hibernate Core {4.1.7.Final}
2016-02-19 11:39:44,508 INFO [org.hibernate.cfg.Environment.<clinit>(Environment.java:239)] - HHH000206: hibernate.properties not found
2016-02-19 11:39:44,509 INFO [org.hibernate.cfg.Environment.buildBytecodeProvider(Environment.java:342)] - HHH000021: Bytecode provider name : javassist
2016-02-19 11:39:44,649 INFO [com.mchange.v2.c3p0.impl.AbstractPoolBackedDataSource.getPoolManager(AbstractPoolBackedDataSource.java:522)] - Initializing c3p0 pool... com.mchange.v2.c3p0.ComboPooledDataSource [ acquireIncrement -> 3, acquireRetryAttempts -> 30, acquireRetryDelay -> 1000, autoCommitOnClose -> false, automaticTestTable -> null, breakAfterAcquireFailure -> false, checkoutTimeout -> 0, connectionCustomizerClassName -> null, connectionTesterClassName -> com.mchange.v2.c3p0.impl.DefaultConnectionTester, dataSourceName -> 1hge1589e1wpbqk3shye39|49addecc, debugUnreturnedConnectionStackTraces -> false, description -> null, driverClass -> com.mysql.jdbc.Driver, factoryClassLocation -> null, forceIgnoreUnresolvedTransactions -> false, identityToken -> 1hge1589e1wpbqk3shye39|49addecc, idleConnectionTestPeriod -> 0, initialPoolSize -> 3, jdbcUrl -> jdbc:mysql://127.0.0.1:3306/im?useUnicode=true&characterEncoding=UTF-8, maxAdministrativeTaskTime -> 0, maxConnectionAge -> 0, maxIdleTime -> 0, maxIdleTimeExcessConnections -> 0, maxPoolSize -> 15, maxStatements -> 0, maxStatementsPerConnection -> 0, minPoolSize -> 3, numHelperThreads -> 3, preferredTestQuery -> null, properties -> {user=******, password=******}, propertyCycle -> 0, statementCacheNumDeferredCloseThreads -> 0, testConnectionOnCheckin -> false, testConnectionOnCheckout -> false, unreturnedConnectionTimeout -> 0, userOverrides -> {}, usesTraditionalReflectiveProxies -> false ]
2016-02-19 11:39:44,785 INFO [org.hibernate.dialect.Dialect.<init>(Dialect.java:125)] - HHH000400: Using dialect: org.hibernate.dialect.MySQL5Dialect
2016-02-19 11:39:44,791 INFO [org.hibernate.engine.jdbc.internal.LobCreatorBuilder.useContextualLobCreation(LobCreatorBuilder.java:94)] - HHH000423: Disabling contextual LOB creation as JDBC driver reported JDBC version [3] less than 4
2016-02-19 11:39:44,798 INFO [org.hibernate.engine.transaction.internal.TransactionFactoryInitiator.initiateService(TransactionFactoryInitiator.java:68)] - HHH000399: Using default transaction strategy (direct JDBC transactions)
2016-02-19 11:39:44,801 INFO [org.hibernate.hql.internal.ast.ASTQueryTranslatorFactory.<init>(ASTQueryTranslatorFactory.java:48)] - HHH000397: Using ASTQueryTranslatorFactory
2016-02-19 11:39:44,913 INFO [org.hibernate.tool.hbm2ddl.SchemaUpdate.execute(SchemaUpdate.java:182)] - HHH000228: Running hbm2ddl schema update
2016-02-19 11:39:44,914 INFO [org.hibernate.tool.hbm2ddl.SchemaUpdate.execute(SchemaUpdate.java:193)] - HHH000102: Fetching database metadata
2016-02-19 11:39:44,916 INFO [org.hibernate.tool.hbm2ddl.SchemaUpdate.execute(SchemaUpdate.java:205)] - HHH000396: Updating schema
2016-02-19 11:39:44,927 INFO [org.hibernate.tool.hbm2ddl.TableMetadata.<init>(TableMetadata.java:65)] - HHH000261: Table found: im.user
2016-02-19 11:39:44,928 INFO [org.hibernate.tool.hbm2ddl.TableMetadata.<init>(TableMetadata.java:66)] - HHH000037: Columns: [id, username, password]
2016-02-19 11:39:44,928 INFO [org.hibernate.tool.hbm2ddl.TableMetadata.<init>(TableMetadata.java:68)] - HHH000108: Foreign keys: []
2016-02-19 11:39:44,928 INFO [org.hibernate.tool.hbm2ddl.TableMetadata.<init>(TableMetadata.java:69)] - HHH000126: Indexes: [primary]
2016-02-19 11:39:44,929 INFO [org.hibernate.tool.hbm2ddl.SchemaUpdate.execute(SchemaUpdate.java:240)] - HHH000232: Schema update complete
2016-02-19 11:39:45,241 INFO [com.fgk.im.ServerAppRun.main(ServerAppRun.java:17)] - ServerApp Start Success
2016-02-19 11:39:56,446 WARN [org.hibernate.hql.internal.ast.HqlSqlWalker.generatePositionalParameter(HqlSqlWalker.java:929)] - [DEPRECATION] Encountered positional parameter near line 1, column 46.  Positional parameter are considered deprecated; use named parameters or JPA-style positional parameters instead.
2016-02-19 11:39:56,525 WARN [org.hibernate.hql.internal.ast.HqlSqlWalker.generatePositionalParameter(HqlSqlWalker.java:929)] - [DEPRECATION] Encountered positional parameter near line 1, column 50.  Positional parameter are considered deprecated; use named parameters or JPA-style positional parameters instead.
2016-02-19 11:39:56,525 WARN [org.hibernate.hql.internal.ast.HqlSqlWalker.generatePositionalParameter(HqlSqlWalker.java:929)] - [DEPRECATION] Encountered positional parameter near line 1, column 69.  Positional parameter are considered deprecated; use named parameters or JPA-style positional parameters instead.
